<?xml version="1.0" encoding="UTF-8"?>
<!-- Generated by org.testng.reporters.JUnitXMLReporter -->
<testsuite hostname="LAPTOP-RRO4KGR3" ignored="0" name="Bank Manager Login Test" tests="2" failures="1" timestamp="02 Jul 2021 05:42:47 GMT" time="9.734" errors="0">
  <testcase name="loginasBankManahger" time="9.143" classname="com.w2a.testcases.LoginTest">
    <failure type="java.lang.AssertionError" message="The following asserts failed:
	intentially failing the test">
      <![CDATA[java.lang.AssertionError: The following asserts failed:
	intentially failing the test
	at com.w2a.testcases.LoginTest.loginasBankManahger(LoginTest.java:20)
... Removed 29 stack frames]]>
    </failure>
  </testcase> <!-- loginasBankManahger -->
  <testcase name="loginasnewbankmanaer" time="0.119" classname="com.w2a.testcases.LoginTest"/>
</testsuite> <!-- Bank Manager Login Test -->
